<?xml version="1.0" encoding="UTF-8"?>
<testng-results ignored="0" total="1" passed="1" failed="0" skipped="0">
  <reporter-output>
  </reporter-output>
  <suite started-at="2023-11-24T13:42:00 UTC" name="Surefire suite" finished-at="2023-11-24T13:42:19 UTC" duration-ms="19113">
    <groups>
    </groups>
    <test started-at="2023-11-24T13:42:00 UTC" name="Surefire test" finished-at="2023-11-24T13:42:19 UTC" duration-ms="19113">
      <class name="TestClasses.LoginTest">
        <test-method is-config="true" signature="beforeTest()[pri:0, instance:TestClasses.LoginTest@e3b3b2f]" started-at="2023-11-24T13:42:00 UTC" name="beforeTest" finished-at="2023-11-24T13:42:00 UTC" duration-ms="184" status="PASS">
          <reporter-output>
          </reporter-output>
        </test-method> <!-- beforeTest -->
        <test-method signature="login()[pri:0, instance:TestClasses.LoginTest@e3b3b2f]" started-at="2023-11-24T13:42:00 UTC" name="login" finished-at="2023-11-24T13:42:19 UTC" duration-ms="18865" status="PASS">
          <reporter-output>
          </reporter-output>
        </test-method> <!-- login -->
      </class> <!-- TestClasses.LoginTest -->
    </test> <!-- Surefire test -->
  </suite> <!-- Surefire suite -->
</testng-results>
