<?xml version="1.0" encoding="UTF-8"?>
<testng-results ignored="0" total="1" passed="1" failed="0" skipped="0">
  <reporter-output>
  </reporter-output>
  <suite started-at="2023-11-17T16:03:53 IST" name="Surefire suite" finished-at="2023-11-17T16:04:09 IST" duration-ms="15786">
    <groups>
    </groups>
    <test started-at="2023-11-17T16:03:53 IST" name="Surefire test" finished-at="2023-11-17T16:04:09 IST" duration-ms="15786">
      <class name="TestClasses.LoginTest">
        <test-method signature="login()[pri:0, instance:TestClasses.LoginTest@2002fc1d]" started-at="2023-11-17T16:03:54 IST" name="login" finished-at="2023-11-17T16:04:09 IST" duration-ms="15768" status="PASS">
          <reporter-output>
          </reporter-output>
        </test-method> <!-- login -->
      </class> <!-- TestClasses.LoginTest -->
    </test> <!-- Surefire test -->
  </suite> <!-- Surefire suite -->
</testng-results>
